Using pre-set license
Built from '2020.3/staging' branch; Version is '2020.3.24f1 (79c78de19888) revision 7980941'; Using compiler version '192528614'; Build Type 'Release'
OS: 'Windows 10  (10.0.19044) 64bit Professional' Language: 'pt' Physical Memory: 16221 MB
BatchMode: 1, IsHumanControllingUs: 0, StartBugReporterOnCrash: 0, Is64bit: 1, IsPro: 0

COMMAND LINE ARGUMENTS:
C:\Program Files\Unity\Hub\Editor\2020.3.24f1\Editor\Unity.exe
-adb2
-batchMode
-noUpm
-name
AssetImportWorker1
-projectPath
C:/Users/aluno/Desktop/GitHub/InvincibleDefenders/Invincible Defenders
-logFile
Logs/AssetImportWorker1.log
-srvPort
58793
Successfully changed project path to: C:/Users/aluno/Desktop/GitHub/InvincibleDefenders/Invincible Defenders
C:/Users/aluno/Desktop/GitHub/InvincibleDefenders/Invincible Defenders
Using Asset Import Pipeline V2.
Refreshing native plugins compatible for Editor in 33.16 ms, found 3 plugins.
Preloading 0 native plugins for Editor in 0.00 ms.
Initialize engine version: 2020.3.24f1 (79c78de19888)
[Subsystems] Discovering subsystems at path C:/Program Files/Unity/Hub/Editor/2020.3.24f1/Editor/Data/Resources/UnitySubsystems
[Subsystems] Discovering subsystems at path C:/Users/aluno/Desktop/GitHub/InvincibleDefenders/Invincible Defenders/Assets
GfxDevice: creating device client; threaded=0
Direct3D:
    Version:  Direct3D 11.0 [level 11.1]
    Renderer: NVIDIA GeForce RTX 3060 Ti (ID=0x2489)
    Vendor:   
    VRAM:     8050 MB
    Driver:   30.0.14.7212
Initialize mono
Mono path[0] = 'C:/Program Files/Unity/Hub/Editor/2020.3.24f1/Editor/Data/Managed'
Mono path[1] = 'C:/Program Files/Unity/Hub/Editor/2020.3.24f1/Editor/Data/MonoBleedingEdge/lib/mono/unityjit'
Mono config path = 'C:/Program Files/Unity/Hub/Editor/2020.3.24f1/Editor/Data/MonoBleedingEdge/etc'
Using monoOptions --debugger-agent=transport=dt_socket,embedding=1,server=y,suspend=n,address=127.0.0.1:56012
Begin MonoManager ReloadAssembly
Registering precompiled unity dll's ...
Register platform support module: C:/Program Files/Unity/Hub/Editor/2020.3.24f1/Editor/Data/PlaybackEngines/WindowsStandaloneSupport/UnityEditor.WindowsStandalone.Extensions.dll
Registered in 0.001174 seconds.
Native extension for WindowsStandalone target not found
Refreshing native plugins compatible for Editor in 31.02 ms, found 3 plugins.
Preloading 0 native plugins for Editor in 0.00 ms.
Mono: successfully reloaded assembly
- Completed reload, in  0.377 seconds
Domain Reload Profiling:
	ReloadAssembly (377ms)
		BeginReloadAssembly (35ms)
			ExecutionOrderSort (0ms)
			DisableScriptedObjects (0ms)
			BackupInstance (0ms)
			ReleaseScriptingObjects (0ms)
			CreateAndSetChildDomain (1ms)
		EndReloadAssembly (292ms)
			LoadAssemblies (34ms)
			RebuildTransferFunctionScriptingTraits (0ms)
			SetupTypeCache (88ms)
			ReleaseScriptCaches (0ms)
			RebuildScriptCaches (21ms)
			SetupLoadedEditorAssemblies (117ms)
				LogAssemblyErrors (0ms)
				InitializePlatformSupportModulesInManaged (3ms)
				SetLoadedEditorAssemblies (0ms)
				RefreshPlugins (31ms)
				BeforeProcessingInitializeOnLoad (11ms)
				ProcessInitializeOnLoadAttributes (53ms)
				ProcessInitializeOnLoadMethodAttributes (18ms)
				AfterProcessingInitializeOnLoad (0ms)
				EditorAssembliesLoaded (0ms)
			ExecutionOrderSort2 (0ms)
			AwakeInstancesAfterBackupRestoration (0ms)
Platform modules already initialized, skipping
Registering precompiled user dll's ...
Registered in 0.002938 seconds.
Begin MonoManager ReloadAssembly
Native extension for WindowsStandalone target not found
Refreshing native plugins compatible for Editor in 32.64 ms, found 3 plugins.
Preloading 0 native plugins for Editor in 0.00 ms.
Mono: successfully reloaded assembly
- Completed reload, in  0.706 seconds
Domain Reload Profiling:
	ReloadAssembly (707ms)
		BeginReloadAssembly (93ms)
			ExecutionOrderSort (0ms)
			DisableScriptedObjects (4ms)
			BackupInstance (0ms)
			ReleaseScriptingObjects (0ms)
			CreateAndSetChildDomain (13ms)
		EndReloadAssembly (575ms)
			LoadAssemblies (59ms)
			RebuildTransferFunctionScriptingTraits (0ms)
			SetupTypeCache (179ms)
			ReleaseScriptCaches (0ms)
			RebuildScriptCaches (29ms)
			SetupLoadedEditorAssemblies (234ms)
				LogAssemblyErrors (0ms)
				InitializePlatformSupportModulesInManaged (2ms)
				SetLoadedEditorAssemblies (0ms)
				RefreshPlugins (33ms)
				BeforeProcessingInitializeOnLoad (57ms)
				ProcessInitializeOnLoadAttributes (127ms)
				ProcessInitializeOnLoadMethodAttributes (11ms)
				AfterProcessingInitializeOnLoad (4ms)
				EditorAssembliesLoaded (0ms)
			ExecutionOrderSort2 (0ms)
			AwakeInstancesAfterBackupRestoration (4ms)
Platform modules already initialized, skipping
========================================================================
Worker process is ready to serve import requests
Launched and connected shader compiler UnityShaderCompiler.exe after 0.02 seconds
Refreshing native plugins compatible for Editor in 0.36 ms, found 3 plugins.
Preloading 0 native plugins for Editor in 0.00 ms.
Unloading 2256 Unused Serialized files (Serialized files now loaded: 0)
System memory in use before: 99.5 MB.
System memory in use after: 99.6 MB.

Unloading 28 unused Assets to reduce memory usage. Loaded Objects now: 2691.
Total: 2.085900 ms (FindLiveObjects: 0.131500 ms CreateObjectMapping: 0.043800 ms MarkObjects: 1.855700 ms  DeleteObjects: 0.054200 ms)

AssetImportParameters requested are different than current active one (requested -> active):
  custom:framework-win-MediaFoundation: 216162199b28c13a410421893ffa2e32 -> 
  custom:video-decoder-ogg-theora: a1e56fd34408186e4bbccfd4996cb3dc -> 
  custom:container-muxer-webm: aa71ff27fc2769a1b78a27578f13a17b -> 
  custom:container-demuxer-webm: 4f35f7cbe854078d1ac9338744f61a02 -> 
  custom:container-demuxer-ogg: 62fdf1f143b41e24485cea50d1cbac27 -> 
  custom:video-encoder-webm-vp8: eb34c28f22e8b96e1ab97ce403110664 -> 
  custom:video-decoder-webm-vp8: 9c59270c3fd7afecdb556c50c9e8de78 -> 
  custom:audio-decoder-ogg-vorbis: bf7c407c2cedff20999df2af8eb42d56 -> 
  custom:audio-encoder-webm-vorbis: bf7c407c2cedff20999df2af8eb42d56 -> 
========================================================================
Received Import Request.
  path: Assets/Resources/Sprites/InGame/FireBoar.png
  artifactKey: Guid(13ead628a5bbc0b4f8b658ea50da85bf) Importer(815301076,1909f56bfc062723c751e8b465ee728b)
Start importing Assets/Resources/Sprites/InGame/FireBoar.png using Guid(13ead628a5bbc0b4f8b658ea50da85bf) Importer(815301076,1909f56bfc062723c751e8b465ee728b)  -> (artifact id: 'c7db3035161877b0f82f1a6cc3d21ff4') in 0.081264 seconds 
  Import took 0.084306 seconds .

========================================================================
Received Import Request.
  Time since last request: 0.000133 seconds.
  path: Assets/Resources/Sprites/InGame/Bruiser.png
  artifactKey: Guid(4648808782424674986f70041fd426f9) Importer(815301076,1909f56bfc062723c751e8b465ee728b)
Start importing Assets/Resources/Sprites/InGame/Bruiser.png using Guid(4648808782424674986f70041fd426f9) Importer(815301076,1909f56bfc062723c751e8b465ee728b)  -> (artifact id: '3ced25ba0fb457b87245dc3a92aa6dc6') in 0.012712 seconds 
  Import took 0.015194 seconds .

========================================================================
Received Import Request.
  Time since last request: 6.977597 seconds.
  path: Assets/Resources/PreFabs/Enemies/Enemy2.prefab
  artifactKey: Guid(1b00ab9fd36d8ca4e8f48eaec758dd3a) Importer(815301076,1909f56bfc062723c751e8b465ee728b)
Start importing Assets/Resources/PreFabs/Enemies/Enemy2.prefab using Guid(1b00ab9fd36d8ca4e8f48eaec758dd3a) Importer(815301076,1909f56bfc062723c751e8b465ee728b)  -> (artifact id: '1344b64ee5bb3df4c5d7e04d8dd12b47') in 0.027959 seconds 
  Import took 0.031359 seconds .

========================================================================
Received Prepare
Registering precompiled user dll's ...
Registered in 0.002687 seconds.
Begin MonoManager ReloadAssembly
Native extension for WindowsStandalone target not found
Refreshing native plugins compatible for Editor in 0.36 ms, found 3 plugins.
Preloading 0 native plugins for Editor in 0.00 ms.
Mono: successfully reloaded assembly
- Completed reload, in  0.646 seconds
Domain Reload Profiling:
	ReloadAssembly (646ms)
		BeginReloadAssembly (82ms)
			ExecutionOrderSort (0ms)
			DisableScriptedObjects (4ms)
			BackupInstance (0ms)
			ReleaseScriptingObjects (0ms)
			CreateAndSetChildDomain (23ms)
		EndReloadAssembly (526ms)
			LoadAssemblies (56ms)
			RebuildTransferFunctionScriptingTraits (0ms)
			SetupTypeCache (178ms)
			ReleaseScriptCaches (1ms)
			RebuildScriptCaches (27ms)
			SetupLoadedEditorAssemblies (199ms)
				LogAssemblyErrors (0ms)
				InitializePlatformSupportModulesInManaged (3ms)
				SetLoadedEditorAssemblies (0ms)
				RefreshPlugins (0ms)
				BeforeProcessingInitializeOnLoad (56ms)
				ProcessInitializeOnLoadAttributes (127ms)
				ProcessInitializeOnLoadMethodAttributes (8ms)
				AfterProcessingInitializeOnLoad (4ms)
				EditorAssembliesLoaded (0ms)
			ExecutionOrderSort2 (0ms)
			AwakeInstancesAfterBackupRestoration (6ms)
Platform modules already initialized, skipping
Refreshing native plugins compatible for Editor in 0.49 ms, found 3 plugins.
Preloading 0 native plugins for Editor in 0.00 ms.
Unloading 2232 Unused Serialized files (Serialized files now loaded: 0)
System memory in use before: 100.7 MB.
System memory in use after: 100.8 MB.

Unloading 18 unused Assets to reduce memory usage. Loaded Objects now: 2705.
Total: 2.033300 ms (FindLiveObjects: 0.145200 ms CreateObjectMapping: 0.050400 ms MarkObjects: 1.819900 ms  DeleteObjects: 0.016900 ms)

AssetImportParameters requested are different than current active one (requested -> active):
  custom:framework-win-MediaFoundation: 216162199b28c13a410421893ffa2e32 -> 
  custom:video-decoder-ogg-theora: a1e56fd34408186e4bbccfd4996cb3dc -> 
  custom:container-muxer-webm: aa71ff27fc2769a1b78a27578f13a17b -> 
  custom:container-demuxer-webm: 4f35f7cbe854078d1ac9338744f61a02 -> 
  custom:container-demuxer-ogg: 62fdf1f143b41e24485cea50d1cbac27 -> 
  custom:video-encoder-webm-vp8: eb34c28f22e8b96e1ab97ce403110664 -> 
  custom:video-decoder-webm-vp8: 9c59270c3fd7afecdb556c50c9e8de78 -> 
  custom:audio-decoder-ogg-vorbis: bf7c407c2cedff20999df2af8eb42d56 -> 
  custom:audio-encoder-webm-vorbis: bf7c407c2cedff20999df2af8eb42d56 -> 
========================================================================
Received Prepare
Registering precompiled user dll's ...
Registered in 0.003040 seconds.
Begin MonoManager ReloadAssembly
Native extension for WindowsStandalone target not found
Refreshing native plugins compatible for Editor in 0.35 ms, found 3 plugins.
Preloading 0 native plugins for Editor in 0.00 ms.
Mono: successfully reloaded assembly
- Completed reload, in  0.628 seconds
Domain Reload Profiling:
	ReloadAssembly (629ms)
		BeginReloadAssembly (76ms)
			ExecutionOrderSort (0ms)
			DisableScriptedObjects (4ms)
			BackupInstance (0ms)
			ReleaseScriptingObjects (0ms)
			CreateAndSetChildDomain (24ms)
		EndReloadAssembly (514ms)
			LoadAssemblies (56ms)
			RebuildTransferFunctionScriptingTraits (0ms)
			SetupTypeCache (176ms)
			ReleaseScriptCaches (1ms)
			RebuildScriptCaches (26ms)
			SetupLoadedEditorAssemblies (193ms)
				LogAssemblyErrors (0ms)
				InitializePlatformSupportModulesInManaged (3ms)
				SetLoadedEditorAssemblies (0ms)
				RefreshPlugins (0ms)
				BeforeProcessingInitializeOnLoad (55ms)
				ProcessInitializeOnLoadAttributes (124ms)
				ProcessInitializeOnLoadMethodAttributes (8ms)
				AfterProcessingInitializeOnLoad (4ms)
				EditorAssembliesLoaded (0ms)
			ExecutionOrderSort2 (0ms)
			AwakeInstancesAfterBackupRestoration (5ms)
Platform modules already initialized, skipping
Refreshing native plugins compatible for Editor in 0.37 ms, found 3 plugins.
Preloading 0 native plugins for Editor in 0.00 ms.
Unloading 2232 Unused Serialized files (Serialized files now loaded: 0)
System memory in use before: 100.7 MB.
System memory in use after: 100.8 MB.

Unloading 17 unused Assets to reduce memory usage. Loaded Objects now: 2707.
Total: 1.940300 ms (FindLiveObjects: 0.127600 ms CreateObjectMapping: 0.045600 ms MarkObjects: 1.754900 ms  DeleteObjects: 0.011400 ms)

AssetImportParameters requested are different than current active one (requested -> active):
  custom:framework-win-MediaFoundation: 216162199b28c13a410421893ffa2e32 -> 
  custom:video-decoder-ogg-theora: a1e56fd34408186e4bbccfd4996cb3dc -> 
  custom:container-muxer-webm: aa71ff27fc2769a1b78a27578f13a17b -> 
  custom:container-demuxer-webm: 4f35f7cbe854078d1ac9338744f61a02 -> 
  custom:container-demuxer-ogg: 62fdf1f143b41e24485cea50d1cbac27 -> 
  custom:video-encoder-webm-vp8: eb34c28f22e8b96e1ab97ce403110664 -> 
  custom:video-decoder-webm-vp8: 9c59270c3fd7afecdb556c50c9e8de78 -> 
  custom:audio-decoder-ogg-vorbis: bf7c407c2cedff20999df2af8eb42d56 -> 
  custom:audio-encoder-webm-vorbis: bf7c407c2cedff20999df2af8eb42d56 -> 
========================================================================
Received Import Request.
  Time since last request: 55.571033 seconds.
  path: Assets/Resources/PreFabs/Enemies/Enemy2.prefab
  artifactKey: Guid(1b00ab9fd36d8ca4e8f48eaec758dd3a) Importer(815301076,1909f56bfc062723c751e8b465ee728b)
Start importing Assets/Resources/PreFabs/Enemies/Enemy2.prefab using Guid(1b00ab9fd36d8ca4e8f48eaec758dd3a) Importer(815301076,1909f56bfc062723c751e8b465ee728b)  -> (artifact id: 'fccfee3549142a27d1219f9003e1f1e5') in 0.040615 seconds 
  Import took 0.043048 seconds .

========================================================================
Received Import Request.
  Time since last request: 4.374821 seconds.
  path: Assets/Resources/PreFabs/Enemies/Enemy2.prefab
  artifactKey: Guid(1b00ab9fd36d8ca4e8f48eaec758dd3a) Importer(815301076,1909f56bfc062723c751e8b465ee728b)
Start importing Assets/Resources/PreFabs/Enemies/Enemy2.prefab using Guid(1b00ab9fd36d8ca4e8f48eaec758dd3a) Importer(815301076,1909f56bfc062723c751e8b465ee728b)  -> (artifact id: '1bc7ea690ebae560cc35016bcd927fcf') in 0.010917 seconds 
  Import took 0.014301 seconds .

========================================================================
Received Prepare
Registering precompiled user dll's ...
Registered in 0.003086 seconds.
Begin MonoManager ReloadAssembly
Native extension for WindowsStandalone target not found
Refreshing native plugins compatible for Editor in 0.35 ms, found 3 plugins.
Preloading 0 native plugins for Editor in 0.00 ms.
Mono: successfully reloaded assembly
- Completed reload, in  0.620 seconds
Domain Reload Profiling:
	ReloadAssembly (620ms)
		BeginReloadAssembly (72ms)
			ExecutionOrderSort (0ms)
			DisableScriptedObjects (3ms)
			BackupInstance (0ms)
			ReleaseScriptingObjects (0ms)
			CreateAndSetChildDomain (23ms)
		EndReloadAssembly (510ms)
			LoadAssemblies (56ms)
			RebuildTransferFunctionScriptingTraits (0ms)
			SetupTypeCache (174ms)
			ReleaseScriptCaches (1ms)
			RebuildScriptCaches (25ms)
			SetupLoadedEditorAssemblies (193ms)
				LogAssemblyErrors (0ms)
				InitializePlatformSupportModulesInManaged (3ms)
				SetLoadedEditorAssemblies (0ms)
				RefreshPlugins (0ms)
				BeforeProcessingInitializeOnLoad (56ms)
				ProcessInitializeOnLoadAttributes (122ms)
				ProcessInitializeOnLoadMethodAttributes (7ms)
				AfterProcessingInitializeOnLoad (4ms)
				EditorAssembliesLoaded (0ms)
			ExecutionOrderSort2 (0ms)
			AwakeInstancesAfterBackupRestoration (5ms)
Platform modules already initialized, skipping
Refreshing native plugins compatible for Editor in 0.37 ms, found 3 plugins.
Preloading 0 native plugins for Editor in 0.00 ms.
Unloading 2232 Unused Serialized files (Serialized files now loaded: 0)
System memory in use before: 100.7 MB.
System memory in use after: 100.8 MB.

Unloading 18 unused Assets to reduce memory usage. Loaded Objects now: 2710.
Total: 1.985700 ms (FindLiveObjects: 0.133000 ms CreateObjectMapping: 0.041800 ms MarkObjects: 1.795300 ms  DeleteObjects: 0.014900 ms)

AssetImportParameters requested are different than current active one (requested -> active):
  custom:framework-win-MediaFoundation: 216162199b28c13a410421893ffa2e32 -> 
  custom:video-decoder-ogg-theora: a1e56fd34408186e4bbccfd4996cb3dc -> 
  custom:container-muxer-webm: aa71ff27fc2769a1b78a27578f13a17b -> 
  custom:container-demuxer-webm: 4f35f7cbe854078d1ac9338744f61a02 -> 
  custom:container-demuxer-ogg: 62fdf1f143b41e24485cea50d1cbac27 -> 
  custom:video-encoder-webm-vp8: eb34c28f22e8b96e1ab97ce403110664 -> 
  custom:video-decoder-webm-vp8: 9c59270c3fd7afecdb556c50c9e8de78 -> 
  custom:audio-decoder-ogg-vorbis: bf7c407c2cedff20999df2af8eb42d56 -> 
  custom:audio-encoder-webm-vorbis: bf7c407c2cedff20999df2af8eb42d56 -> 
========================================================================
Received Import Request.
  Time since last request: 12.057913 seconds.
  path: Assets/Resources/PreFabs/Enemies/Enemy2.prefab
  artifactKey: Guid(1b00ab9fd36d8ca4e8f48eaec758dd3a) Importer(815301076,1909f56bfc062723c751e8b465ee728b)
Start importing Assets/Resources/PreFabs/Enemies/Enemy2.prefab using Guid(1b00ab9fd36d8ca4e8f48eaec758dd3a) Importer(815301076,1909f56bfc062723c751e8b465ee728b)  -> (artifact id: '177c0da843086184e998ec68699d91cb') in 0.040563 seconds 
  Import took 0.043133 seconds .

========================================================================
Received Import Request.
  Time since last request: 6.595591 seconds.
  path: Assets/Resources/PreFabs/Enemies/Enemy2.prefab
  artifactKey: Guid(1b00ab9fd36d8ca4e8f48eaec758dd3a) Importer(815301076,1909f56bfc062723c751e8b465ee728b)
Start importing Assets/Resources/PreFabs/Enemies/Enemy2.prefab using Guid(1b00ab9fd36d8ca4e8f48eaec758dd3a) Importer(815301076,1909f56bfc062723c751e8b465ee728b)  -> (artifact id: 'dc10209d2ef22f42a71c588ec9ad5658') in 0.009264 seconds 
  Import took 0.013472 seconds .

========================================================================
Received Prepare
Registering precompiled user dll's ...
Registered in 0.003087 seconds.
Begin MonoManager ReloadAssembly
Native extension for WindowsStandalone target not found
Refreshing native plugins compatible for Editor in 0.35 ms, found 3 plugins.
Preloading 0 native plugins for Editor in 0.00 ms.
Mono: successfully reloaded assembly
- Completed reload, in  0.658 seconds
Domain Reload Profiling:
	ReloadAssembly (659ms)
		BeginReloadAssembly (91ms)
			ExecutionOrderSort (0ms)
			DisableScriptedObjects (4ms)
			BackupInstance (0ms)
			ReleaseScriptingObjects (0ms)
			CreateAndSetChildDomain (24ms)
		EndReloadAssembly (528ms)
			LoadAssemblies (59ms)
			RebuildTransferFunctionScriptingTraits (0ms)
			SetupTypeCache (171ms)
			ReleaseScriptCaches (1ms)
			RebuildScriptCaches (26ms)
			SetupLoadedEditorAssemblies (204ms)
				LogAssemblyErrors (0ms)
				InitializePlatformSupportModulesInManaged (3ms)
				SetLoadedEditorAssemblies (0ms)
				RefreshPlugins (0ms)
				BeforeProcessingInitializeOnLoad (55ms)
				ProcessInitializeOnLoadAttributes (132ms)
				ProcessInitializeOnLoadMethodAttributes (9ms)
				AfterProcessingInitializeOnLoad (5ms)
				EditorAssembliesLoaded (0ms)
			ExecutionOrderSort2 (0ms)
			AwakeInstancesAfterBackupRestoration (8ms)
Platform modules already initialized, skipping
Refreshing native plugins compatible for Editor in 0.37 ms, found 3 plugins.
Preloading 0 native plugins for Editor in 0.00 ms.
Unloading 2232 Unused Serialized files (Serialized files now loaded: 0)
System memory in use before: 100.9 MB.
System memory in use after: 101.1 MB.

Unloading 18 unused Assets to reduce memory usage. Loaded Objects now: 2713.
Total: 1.998900 ms (FindLiveObjects: 0.142300 ms CreateObjectMapping: 0.047000 ms MarkObjects: 1.792400 ms  DeleteObjects: 0.016500 ms)

AssetImportParameters requested are different than current active one (requested -> active):
  custom:framework-win-MediaFoundation: 216162199b28c13a410421893ffa2e32 -> 
  custom:video-decoder-ogg-theora: a1e56fd34408186e4bbccfd4996cb3dc -> 
  custom:container-muxer-webm: aa71ff27fc2769a1b78a27578f13a17b -> 
  custom:container-demuxer-webm: 4f35f7cbe854078d1ac9338744f61a02 -> 
  custom:container-demuxer-ogg: 62fdf1f143b41e24485cea50d1cbac27 -> 
  custom:video-encoder-webm-vp8: eb34c28f22e8b96e1ab97ce403110664 -> 
  custom:video-decoder-webm-vp8: 9c59270c3fd7afecdb556c50c9e8de78 -> 
  custom:audio-decoder-ogg-vorbis: bf7c407c2cedff20999df2af8eb42d56 -> 
  custom:audio-encoder-webm-vorbis: bf7c407c2cedff20999df2af8eb42d56 -> 
========================================================================
Received Import Request.
  Time since last request: 19.203102 seconds.
  path: Assets/Resources/PreFabs/Enemies/Enemy2.prefab
  artifactKey: Guid(1b00ab9fd36d8ca4e8f48eaec758dd3a) Importer(815301076,1909f56bfc062723c751e8b465ee728b)
Start importing Assets/Resources/PreFabs/Enemies/Enemy2.prefab using Guid(1b00ab9fd36d8ca4e8f48eaec758dd3a) Importer(815301076,1909f56bfc062723c751e8b465ee728b)  -> (artifact id: '55c0e65df82fbaa52b88651942e261a0') in 0.040932 seconds 
  Import took 0.043888 seconds .

========================================================================
Received Import Request.
  Time since last request: 2.583880 seconds.
  path: Assets/Resources/PreFabs/Enemies/Enemy2.prefab
  artifactKey: Guid(1b00ab9fd36d8ca4e8f48eaec758dd3a) Importer(815301076,1909f56bfc062723c751e8b465ee728b)
Start importing Assets/Resources/PreFabs/Enemies/Enemy2.prefab using Guid(1b00ab9fd36d8ca4e8f48eaec758dd3a) Importer(815301076,1909f56bfc062723c751e8b465ee728b)  -> (artifact id: '14599b022a83dff50ff918696db94cc4') in 0.009332 seconds 
  Import took 0.013133 seconds .

========================================================================
Received Import Request.
  Time since last request: 2.403539 seconds.
  path: Assets/Resources/PreFabs/Enemies/Enemy2.prefab
  artifactKey: Guid(1b00ab9fd36d8ca4e8f48eaec758dd3a) Importer(815301076,1909f56bfc062723c751e8b465ee728b)
Start importing Assets/Resources/PreFabs/Enemies/Enemy2.prefab using Guid(1b00ab9fd36d8ca4e8f48eaec758dd3a) Importer(815301076,1909f56bfc062723c751e8b465ee728b)  -> (artifact id: 'fa29f27796f20dd9684ed1f5c7ffabc3') in 0.010878 seconds 
  Import took 0.013876 seconds .

========================================================================
Received Prepare
Registering precompiled user dll's ...
Registered in 0.002753 seconds.
Begin MonoManager ReloadAssembly
Native extension for WindowsStandalone target not found
Refreshing native plugins compatible for Editor in 0.35 ms, found 3 plugins.
Preloading 0 native plugins for Editor in 0.00 ms.
Mono: successfully reloaded assembly
- Completed reload, in  0.680 seconds
Domain Reload Profiling:
	ReloadAssembly (680ms)
		BeginReloadAssembly (76ms)
			ExecutionOrderSort (0ms)
			DisableScriptedObjects (4ms)
			BackupInstance (0ms)
			ReleaseScriptingObjects (0ms)
			CreateAndSetChildDomain (24ms)
		EndReloadAssembly (563ms)
			LoadAssemblies (61ms)
			RebuildTransferFunctionScriptingTraits (0ms)
			SetupTypeCache (181ms)
			ReleaseScriptCaches (1ms)
			RebuildScriptCaches (28ms)
			SetupLoadedEditorAssemblies (218ms)
				LogAssemblyErrors (0ms)
				InitializePlatformSupportModulesInManaged (3ms)
				SetLoadedEditorAssemblies (0ms)
				RefreshPlugins (0ms)
				BeforeProcessingInitializeOnLoad (59ms)
				ProcessInitializeOnLoadAttributes (139ms)
				ProcessInitializeOnLoadMethodAttributes (11ms)
				AfterProcessingInitializeOnLoad (5ms)
				EditorAssembliesLoaded (0ms)
			ExecutionOrderSort2 (0ms)
			AwakeInstancesAfterBackupRestoration (7ms)
Platform modules already initialized, skipping
Refreshing native plugins compatible for Editor in 0.36 ms, found 3 plugins.
Preloading 0 native plugins for Editor in 0.00 ms.
Unloading 2232 Unused Serialized files (Serialized files now loaded: 0)
System memory in use before: 100.9 MB.
System memory in use after: 101.1 MB.

Unloading 18 unused Assets to reduce memory usage. Loaded Objects now: 2716.
Total: 1.982600 ms (FindLiveObjects: 0.140400 ms CreateObjectMapping: 0.051900 ms MarkObjects: 1.772800 ms  DeleteObjects: 0.016700 ms)

AssetImportParameters requested are different than current active one (requested -> active):
  custom:framework-win-MediaFoundation: 216162199b28c13a410421893ffa2e32 -> 
  custom:video-decoder-ogg-theora: a1e56fd34408186e4bbccfd4996cb3dc -> 
  custom:container-muxer-webm: aa71ff27fc2769a1b78a27578f13a17b -> 
  custom:container-demuxer-webm: 4f35f7cbe854078d1ac9338744f61a02 -> 
  custom:container-demuxer-ogg: 62fdf1f143b41e24485cea50d1cbac27 -> 
  custom:video-encoder-webm-vp8: eb34c28f22e8b96e1ab97ce403110664 -> 
  custom:video-decoder-webm-vp8: 9c59270c3fd7afecdb556c50c9e8de78 -> 
  custom:audio-decoder-ogg-vorbis: bf7c407c2cedff20999df2af8eb42d56 -> 
  custom:audio-encoder-webm-vorbis: bf7c407c2cedff20999df2af8eb42d56 -> 
========================================================================
Received Import Request.
  Time since last request: 535.869020 seconds.
  path: Assets/Resources/PreFabs/Enemies/Enemy4.prefab
  artifactKey: Guid(549520744bf3bf242ad8ffeead362965) Importer(815301076,1909f56bfc062723c751e8b465ee728b)
Start importing Assets/Resources/PreFabs/Enemies/Enemy4.prefab using Guid(549520744bf3bf242ad8ffeead362965) Importer(815301076,1909f56bfc062723c751e8b465ee728b)  -> (artifact id: '19a6ba7830cc5b8971d5e3fdb6d71c81') in 0.052109 seconds 
  Import took 0.055300 seconds .

========================================================================
Received Import Request.
  Time since last request: 6.549432 seconds.
  path: Assets/Resources/PreFabs/Enemies/Enemy4.prefab
  artifactKey: Guid(549520744bf3bf242ad8ffeead362965) Importer(815301076,1909f56bfc062723c751e8b465ee728b)
Start importing Assets/Resources/PreFabs/Enemies/Enemy4.prefab using Guid(549520744bf3bf242ad8ffeead362965) Importer(815301076,1909f56bfc062723c751e8b465ee728b)  -> (artifact id: '7d0b66f8c226acbedf4283d216955be1') in 0.010231 seconds 
  Import took 0.013591 seconds .

========================================================================
Received Import Request.
  Time since last request: 4.435569 seconds.
  path: Assets/Resources/PreFabs/Enemies/Enemy4.prefab
  artifactKey: Guid(549520744bf3bf242ad8ffeead362965) Importer(815301076,1909f56bfc062723c751e8b465ee728b)
Start importing Assets/Resources/PreFabs/Enemies/Enemy4.prefab using Guid(549520744bf3bf242ad8ffeead362965) Importer(815301076,1909f56bfc062723c751e8b465ee728b)  -> (artifact id: '883868b45a514098e85eab8980d5e1f2') in 0.010529 seconds 
  Import took 0.013962 seconds .

========================================================================
Received Import Request.
  Time since last request: 3.240685 seconds.
  path: Assets/Resources/PreFabs/Enemies/Enemy4.prefab
  artifactKey: Guid(549520744bf3bf242ad8ffeead362965) Importer(815301076,1909f56bfc062723c751e8b465ee728b)
Start importing Assets/Resources/PreFabs/Enemies/Enemy4.prefab using Guid(549520744bf3bf242ad8ffeead362965) Importer(815301076,1909f56bfc062723c751e8b465ee728b)  -> (artifact id: '3a3bd877ba33101019a49d4f366483d6') in 0.010808 seconds 
  Import took 0.013817 seconds .

========================================================================
Received Import Request.
  Time since last request: 0.992556 seconds.
  path: Assets/Resources/PreFabs/Enemies/Enemy4.prefab
  artifactKey: Guid(549520744bf3bf242ad8ffeead362965) Importer(815301076,1909f56bfc062723c751e8b465ee728b)
Start importing Assets/Resources/PreFabs/Enemies/Enemy4.prefab using Guid(549520744bf3bf242ad8ffeead362965) Importer(815301076,1909f56bfc062723c751e8b465ee728b)  -> (artifact id: 'b21cce3f29a581a20922b7f27d921173') in 0.009953 seconds 
  Import took 0.013089 seconds .

========================================================================
Received Import Request.
  Time since last request: 7.660194 seconds.
  path: Assets/Resources/PreFabs/Enemies/Enemy4.prefab
  artifactKey: Guid(549520744bf3bf242ad8ffeead362965) Importer(815301076,1909f56bfc062723c751e8b465ee728b)
Start importing Assets/Resources/PreFabs/Enemies/Enemy4.prefab using Guid(549520744bf3bf242ad8ffeead362965) Importer(815301076,1909f56bfc062723c751e8b465ee728b)  -> (artifact id: '99dc00d49a77051985c78c5f91ddf899') in 0.009846 seconds 
  Import took 0.013258 seconds .

========================================================================
Received Import Request.
  Time since last request: 2.235349 seconds.
  path: Assets/Resources/PreFabs/Enemies/Enemy4.prefab
  artifactKey: Guid(549520744bf3bf242ad8ffeead362965) Importer(815301076,1909f56bfc062723c751e8b465ee728b)
Start importing Assets/Resources/PreFabs/Enemies/Enemy4.prefab using Guid(549520744bf3bf242ad8ffeead362965) Importer(815301076,1909f56bfc062723c751e8b465ee728b)  -> (artifact id: '01c89f8fa3b1e62340c119e37714ce8a') in 0.009629 seconds 
  Import took 0.012381 seconds .

========================================================================
Received Import Request.
  Time since last request: 5.821685 seconds.
  path: Assets/Resources/PreFabs/Enemies/Enemy4.prefab
  artifactKey: Guid(549520744bf3bf242ad8ffeead362965) Importer(815301076,1909f56bfc062723c751e8b465ee728b)
Start importing Assets/Resources/PreFabs/Enemies/Enemy4.prefab using Guid(549520744bf3bf242ad8ffeead362965) Importer(815301076,1909f56bfc062723c751e8b465ee728b)  -> (artifact id: 'bd0c06a39cc6b874108ec5ab2df6cb7b') in 0.009784 seconds 
  Import took 0.012515 seconds .

========================================================================
Received Import Request.
  Time since last request: 9.098360 seconds.
  path: Assets/Resources/PreFabs/Enemies/Enemy4.prefab
  artifactKey: Guid(549520744bf3bf242ad8ffeead362965) Importer(815301076,1909f56bfc062723c751e8b465ee728b)
Start importing Assets/Resources/PreFabs/Enemies/Enemy4.prefab using Guid(549520744bf3bf242ad8ffeead362965) Importer(815301076,1909f56bfc062723c751e8b465ee728b)  -> (artifact id: '8b04e7ee871937872fe0f27f6194e6d5') in 0.010476 seconds 
  Import took 0.013377 seconds .

========================================================================
Received Import Request.
  Time since last request: 6.022768 seconds.
  path: Assets/Resources/PreFabs/Enemies/Enemy4.prefab
  artifactKey: Guid(549520744bf3bf242ad8ffeead362965) Importer(815301076,1909f56bfc062723c751e8b465ee728b)
Start importing Assets/Resources/PreFabs/Enemies/Enemy4.prefab using Guid(549520744bf3bf242ad8ffeead362965) Importer(815301076,1909f56bfc062723c751e8b465ee728b)  -> (artifact id: '24d6f6fd32b81e307b8bbab52d05ddd5') in 0.008960 seconds 
  Import took 0.011691 seconds .

========================================================================
Received Prepare
Registering precompiled user dll's ...
Registered in 0.003016 seconds.
Begin MonoManager ReloadAssembly
Native extension for WindowsStandalone target not found
Refreshing native plugins compatible for Editor in 0.40 ms, found 3 plugins.
Preloading 0 native plugins for Editor in 0.00 ms.
Mono: successfully reloaded assembly
- Completed reload, in  0.717 seconds
Domain Reload Profiling:
	ReloadAssembly (718ms)
		BeginReloadAssembly (76ms)
			ExecutionOrderSort (0ms)
			DisableScriptedObjects (4ms)
			BackupInstance (0ms)
			ReleaseScriptingObjects (0ms)
			CreateAndSetChildDomain (22ms)
		EndReloadAssembly (603ms)
			LoadAssemblies (57ms)
			RebuildTransferFunctionScriptingTraits (0ms)
			SetupTypeCache (206ms)
			ReleaseScriptCaches (1ms)
			RebuildScriptCaches (29ms)
			SetupLoadedEditorAssemblies (237ms)
				LogAssemblyErrors (0ms)
				InitializePlatformSupportModulesInManaged (3ms)
				SetLoadedEditorAssemblies (0ms)
				RefreshPlugins (0ms)
				BeforeProcessingInitializeOnLoad (63ms)
				ProcessInitializeOnLoadAttributes (158ms)
				ProcessInitializeOnLoadMethodAttributes (8ms)
				AfterProcessingInitializeOnLoad (4ms)
				EditorAssembliesLoaded (0ms)
			ExecutionOrderSort2 (0ms)
			AwakeInstancesAfterBackupRestoration (6ms)
Platform modules already initialized, skipping
Refreshing native plugins compatible for Editor in 0.37 ms, found 3 plugins.
Preloading 0 native plugins for Editor in 0.00 ms.
Unloading 2232 Unused Serialized files (Serialized files now loaded: 0)
System memory in use before: 100.9 MB.
System memory in use after: 101.1 MB.

Unloading 18 unused Assets to reduce memory usage. Loaded Objects now: 2719.
Total: 1.944200 ms (FindLiveObjects: 0.148900 ms CreateObjectMapping: 0.051600 ms MarkObjects: 1.728100 ms  DeleteObjects: 0.014900 ms)

AssetImportParameters requested are different than current active one (requested -> active):
  custom:framework-win-MediaFoundation: 216162199b28c13a410421893ffa2e32 -> 
  custom:video-decoder-ogg-theora: a1e56fd34408186e4bbccfd4996cb3dc -> 
  custom:container-muxer-webm: aa71ff27fc2769a1b78a27578f13a17b -> 
  custom:container-demuxer-webm: 4f35f7cbe854078d1ac9338744f61a02 -> 
  custom:container-demuxer-ogg: 62fdf1f143b41e24485cea50d1cbac27 -> 
  custom:video-encoder-webm-vp8: eb34c28f22e8b96e1ab97ce403110664 -> 
  custom:video-decoder-webm-vp8: 9c59270c3fd7afecdb556c50c9e8de78 -> 
  custom:audio-decoder-ogg-vorbis: bf7c407c2cedff20999df2af8eb42d56 -> 
  custom:audio-encoder-webm-vorbis: bf7c407c2cedff20999df2af8eb42d56 -> 
========================================================================
Received Import Request.
  Time since last request: 82.815199 seconds.
  path: Assets/Resources/PreFabs/Enemies/Enemy4.prefab
  artifactKey: Guid(549520744bf3bf242ad8ffeead362965) Importer(815301076,1909f56bfc062723c751e8b465ee728b)
Start importing Assets/Resources/PreFabs/Enemies/Enemy4.prefab using Guid(549520744bf3bf242ad8ffeead362965) Importer(815301076,1909f56bfc062723c751e8b465ee728b)  -> (artifact id: 'fbaf717cff0bb2aab447239c231460ce') in 0.040937 seconds 
  Import took 0.043436 seconds .

========================================================================
Received Import Request.
  Time since last request: 0.304595 seconds.
  path: Assets/Resources/PreFabs/Enemies/Enemy4.prefab
  artifactKey: Guid(549520744bf3bf242ad8ffeead362965) Importer(815301076,1909f56bfc062723c751e8b465ee728b)
Start importing Assets/Resources/PreFabs/Enemies/Enemy4.prefab using Guid(549520744bf3bf242ad8ffeead362965) Importer(815301076,1909f56bfc062723c751e8b465ee728b)  -> (artifact id: '0116df365859686ef3aa0cb98aa6f77c') in 0.009324 seconds 
  Import took 0.012238 seconds .

========================================================================
Received Import Request.
  Time since last request: 6.450442 seconds.
  path: Assets/Resources/PreFabs/Enemies/Enemy4.prefab
  artifactKey: Guid(549520744bf3bf242ad8ffeead362965) Importer(815301076,1909f56bfc062723c751e8b465ee728b)
Start importing Assets/Resources/PreFabs/Enemies/Enemy4.prefab using Guid(549520744bf3bf242ad8ffeead362965) Importer(815301076,1909f56bfc062723c751e8b465ee728b)  -> (artifact id: 'd067026148fbacd2d5b5a880e95026fb') in 0.010212 seconds 
  Import took 0.013220 seconds .

========================================================================
Received Import Request.
  Time since last request: 1.592405 seconds.
  path: Assets/Resources/PreFabs/Enemies/Enemy4.prefab
  artifactKey: Guid(549520744bf3bf242ad8ffeead362965) Importer(815301076,1909f56bfc062723c751e8b465ee728b)
Start importing Assets/Resources/PreFabs/Enemies/Enemy4.prefab using Guid(549520744bf3bf242ad8ffeead362965) Importer(815301076,1909f56bfc062723c751e8b465ee728b)  -> (artifact id: 'deb6f384120536625fad2ebb69dec0f4') in 0.009524 seconds 
  Import took 0.013167 seconds .

========================================================================
Received Prepare
Registering precompiled user dll's ...
Registered in 0.002616 seconds.
Begin MonoManager ReloadAssembly
Native extension for WindowsStandalone target not found
Refreshing native plugins compatible for Editor in 0.34 ms, found 3 plugins.
Preloading 0 native plugins for Editor in 0.00 ms.
Mono: successfully reloaded assembly
- Completed reload, in  0.677 seconds
Domain Reload Profiling:
	ReloadAssembly (677ms)
		BeginReloadAssembly (84ms)
			ExecutionOrderSort (0ms)
			DisableScriptedObjects (4ms)
			BackupInstance (0ms)
			ReleaseScriptingObjects (0ms)
			CreateAndSetChildDomain (22ms)
		EndReloadAssembly (555ms)
			LoadAssemblies (56ms)
			RebuildTransferFunctionScriptingTraits (0ms)
			SetupTypeCache (175ms)
			ReleaseScriptCaches (1ms)
			RebuildScriptCaches (26ms)
			SetupLoadedEditorAssemblies (201ms)
				LogAssemblyErrors (0ms)
				InitializePlatformSupportModulesInManaged (3ms)
				SetLoadedEditorAssemblies (0ms)
				RefreshPlugins (0ms)
				BeforeProcessingInitializeOnLoad (55ms)
				ProcessInitializeOnLoadAttributes (129ms)
				ProcessInitializeOnLoadMethodAttributes (9ms)
				AfterProcessingInitializeOnLoad (4ms)
				EditorAssembliesLoaded (0ms)
			ExecutionOrderSort2 (0ms)
			AwakeInstancesAfterBackupRestoration (6ms)
Platform modules already initialized, skipping
Refreshing native plugins compatible for Editor in 0.39 ms, found 3 plugins.
Preloading 0 native plugins for Editor in 0.00 ms.
Unloading 2232 Unused Serialized files (Serialized files now loaded: 0)
System memory in use before: 100.9 MB.
System memory in use after: 101.1 MB.

Unloading 18 unused Assets to reduce memory usage. Loaded Objects now: 2722.
Total: 2.180100 ms (FindLiveObjects: 0.180400 ms CreateObjectMapping: 0.069200 ms MarkObjects: 1.911400 ms  DeleteObjects: 0.018000 ms)

AssetImportParameters requested are different than current active one (requested -> active):
  custom:framework-win-MediaFoundation: 216162199b28c13a410421893ffa2e32 -> 
  custom:video-decoder-ogg-theora: a1e56fd34408186e4bbccfd4996cb3dc -> 
  custom:container-muxer-webm: aa71ff27fc2769a1b78a27578f13a17b -> 
  custom:container-demuxer-webm: 4f35f7cbe854078d1ac9338744f61a02 -> 
  custom:container-demuxer-ogg: 62fdf1f143b41e24485cea50d1cbac27 -> 
  custom:video-encoder-webm-vp8: eb34c28f22e8b96e1ab97ce403110664 -> 
  custom:video-decoder-webm-vp8: 9c59270c3fd7afecdb556c50c9e8de78 -> 
  custom:audio-decoder-ogg-vorbis: bf7c407c2cedff20999df2af8eb42d56 -> 
  custom:audio-encoder-webm-vorbis: bf7c407c2cedff20999df2af8eb42d56 -> 
========================================================================
Received Import Request.
  Time since last request: 112.162477 seconds.
  path: Assets/Resources/PreFabs/Towers/AbilityRange 1.prefab
  artifactKey: Guid(e41d95f738dae8a499cafdaf7dfad841) Importer(815301076,1909f56bfc062723c751e8b465ee728b)
Start importing Assets/Resources/PreFabs/Towers/AbilityRange 1.prefab using Guid(e41d95f738dae8a499cafdaf7dfad841) Importer(815301076,1909f56bfc062723c751e8b465ee728b)  -> (artifact id: 'b014f738c945fdf7e93f66732249109a') in 0.038901 seconds 
  Import took 0.042577 seconds .

========================================================================
Received Prepare
Registering precompiled user dll's ...
Registered in 0.002604 seconds.
Begin MonoManager ReloadAssembly
Native extension for WindowsStandalone target not found
Refreshing native plugins compatible for Editor in 0.81 ms, found 3 plugins.
Preloading 0 native plugins for Editor in 0.00 ms.
Mono: successfully reloaded assembly
- Completed reload, in  0.759 seconds
Domain Reload Profiling:
	ReloadAssembly (759ms)
		BeginReloadAssembly (95ms)
			ExecutionOrderSort (0ms)
			DisableScriptedObjects (4ms)
			BackupInstance (0ms)
			ReleaseScriptingObjects (0ms)
			CreateAndSetChildDomain (27ms)
		EndReloadAssembly (622ms)
			LoadAssemblies (71ms)
			RebuildTransferFunctionScriptingTraits (0ms)
			SetupTypeCache (198ms)
			ReleaseScriptCaches (1ms)
			RebuildScriptCaches (34ms)
			SetupLoadedEditorAssemblies (228ms)
				LogAssemblyErrors (0ms)
				InitializePlatformSupportModulesInManaged (5ms)
				SetLoadedEditorAssemblies (1ms)
				RefreshPlugins (1ms)
				BeforeProcessingInitializeOnLoad (76ms)
				ProcessInitializeOnLoadAttributes (133ms)
				ProcessInitializeOnLoadMethodAttributes (8ms)
				AfterProcessingInitializeOnLoad (5ms)
				EditorAssembliesLoaded (0ms)
			ExecutionOrderSort2 (0ms)
			AwakeInstancesAfterBackupRestoration (6ms)
Platform modules already initialized, skipping
Refreshing native plugins compatible for Editor in 0.36 ms, found 3 plugins.
Preloading 0 native plugins for Editor in 0.00 ms.
Unloading 2232 Unused Serialized files (Serialized files now loaded: 0)
System memory in use before: 100.9 MB.
System memory in use after: 101.1 MB.

Unloading 17 unused Assets to reduce memory usage. Loaded Objects now: 2725.
Total: 1.935900 ms (FindLiveObjects: 0.142600 ms CreateObjectMapping: 0.052000 ms MarkObjects: 1.728100 ms  DeleteObjects: 0.012100 ms)

AssetImportParameters requested are different than current active one (requested -> active):
  custom:framework-win-MediaFoundation: 216162199b28c13a410421893ffa2e32 -> 
  custom:video-decoder-ogg-theora: a1e56fd34408186e4bbccfd4996cb3dc -> 
  custom:container-muxer-webm: aa71ff27fc2769a1b78a27578f13a17b -> 
  custom:container-demuxer-webm: 4f35f7cbe854078d1ac9338744f61a02 -> 
  custom:container-demuxer-ogg: 62fdf1f143b41e24485cea50d1cbac27 -> 
  custom:video-encoder-webm-vp8: eb34c28f22e8b96e1ab97ce403110664 -> 
  custom:video-decoder-webm-vp8: 9c59270c3fd7afecdb556c50c9e8de78 -> 
  custom:audio-decoder-ogg-vorbis: bf7c407c2cedff20999df2af8eb42d56 -> 
  custom:audio-encoder-webm-vorbis: bf7c407c2cedff20999df2af8eb42d56 -> 
========================================================================
Received Prepare
Registering precompiled user dll's ...
Registered in 0.002589 seconds.
Begin MonoManager ReloadAssembly
Native extension for WindowsStandalone target not found
Refreshing native plugins compatible for Editor in 0.35 ms, found 3 plugins.
Preloading 0 native plugins for Editor in 0.00 ms.
Mono: successfully reloaded assembly
- Completed reload, in  0.675 seconds
Domain Reload Profiling:
	ReloadAssembly (675ms)
		BeginReloadAssembly (79ms)
			ExecutionOrderSort (0ms)
			DisableScriptedObjects (4ms)
			BackupInstance (0ms)
			ReleaseScriptingObjects (0ms)
			CreateAndSetChildDomain (22ms)
		EndReloadAssembly (554ms)
			LoadAssemblies (58ms)
			RebuildTransferFunctionScriptingTraits (0ms)
			SetupTypeCache (201ms)
			ReleaseScriptCaches (1ms)
			RebuildScriptCaches (26ms)
			SetupLoadedEditorAssemblies (203ms)
				LogAssemblyErrors (0ms)
				InitializePlatformSupportModulesInManaged (3ms)
				SetLoadedEditorAssemblies (0ms)
				RefreshPlugins (0ms)
				BeforeProcessingInitializeOnLoad (57ms)
				ProcessInitializeOnLoadAttributes (132ms)
				ProcessInitializeOnLoadMethodAttributes (7ms)
				AfterProcessingInitializeOnLoad (4ms)
				EditorAssembliesLoaded (0ms)
			ExecutionOrderSort2 (0ms)
			AwakeInstancesAfterBackupRestoration (5ms)
Platform modules already initialized, skipping
Refreshing native plugins compatible for Editor in 0.37 ms, found 3 plugins.
Preloading 0 native plugins for Editor in 0.00 ms.
Unloading 2232 Unused Serialized files (Serialized files now loaded: 0)
System memory in use before: 100.8 MB.
System memory in use after: 101.0 MB.

Unloading 17 unused Assets to reduce memory usage. Loaded Objects now: 2727.
Total: 2.043500 ms (FindLiveObjects: 0.145300 ms CreateObjectMapping: 0.052400 ms MarkObjects: 1.830600 ms  DeleteObjects: 0.014300 ms)

AssetImportParameters requested are different than current active one (requested -> active):
  custom:framework-win-MediaFoundation: 216162199b28c13a410421893ffa2e32 -> 
  custom:video-decoder-ogg-theora: a1e56fd34408186e4bbccfd4996cb3dc -> 
  custom:container-muxer-webm: aa71ff27fc2769a1b78a27578f13a17b -> 
  custom:container-demuxer-webm: 4f35f7cbe854078d1ac9338744f61a02 -> 
  custom:container-demuxer-ogg: 62fdf1f143b41e24485cea50d1cbac27 -> 
  custom:video-encoder-webm-vp8: eb34c28f22e8b96e1ab97ce403110664 -> 
  custom:video-decoder-webm-vp8: 9c59270c3fd7afecdb556c50c9e8de78 -> 
  custom:audio-decoder-ogg-vorbis: bf7c407c2cedff20999df2af8eb42d56 -> 
  custom:audio-encoder-webm-vorbis: bf7c407c2cedff20999df2af8eb42d56 -> 
========================================================================
Received Prepare
Registering precompiled user dll's ...
Registered in 0.004115 seconds.
Begin MonoManager ReloadAssembly
Native extension for WindowsStandalone target not found
Refreshing native plugins compatible for Editor in 0.45 ms, found 3 plugins.
Preloading 0 native plugins for Editor in 0.00 ms.
Mono: successfully reloaded assembly
- Completed reload, in  0.774 seconds
Domain Reload Profiling:
	ReloadAssembly (774ms)
		BeginReloadAssembly (93ms)
			ExecutionOrderSort (0ms)
			DisableScriptedObjects (5ms)
			BackupInstance (0ms)
			ReleaseScriptingObjects (0ms)
			CreateAndSetChildDomain (25ms)
		EndReloadAssembly (630ms)
			LoadAssemblies (69ms)
			RebuildTransferFunctionScriptingTraits (0ms)
			SetupTypeCache (209ms)
			ReleaseScriptCaches (1ms)
			RebuildScriptCaches (30ms)
			SetupLoadedEditorAssemblies (251ms)
				LogAssemblyErrors (0ms)
				InitializePlatformSupportModulesInManaged (3ms)
				SetLoadedEditorAssemblies (0ms)
				RefreshPlugins (1ms)
				BeforeProcessingInitializeOnLoad (65ms)
				ProcessInitializeOnLoadAttributes (166ms)
				ProcessInitializeOnLoadMethodAttributes (10ms)
				AfterProcessingInitializeOnLoad (5ms)
				EditorAssembliesLoaded (0ms)
			ExecutionOrderSort2 (0ms)
			AwakeInstancesAfterBackupRestoration (7ms)
Platform modules already initialized, skipping
Refreshing native plugins compatible for Editor in 0.42 ms, found 3 plugins.
Preloading 0 native plugins for Editor in 0.00 ms.
Unloading 2232 Unused Serialized files (Serialized files now loaded: 0)
System memory in use before: 100.9 MB.
System memory in use after: 101.1 MB.

Unloading 17 unused Assets to reduce memory usage. Loaded Objects now: 2729.
Total: 2.320000 ms (FindLiveObjects: 0.151500 ms CreateObjectMapping: 0.056600 ms MarkObjects: 2.096700 ms  DeleteObjects: 0.014200 ms)

AssetImportParameters requested are different than current active one (requested -> active):
  custom:framework-win-MediaFoundation: 216162199b28c13a410421893ffa2e32 -> 
  custom:video-decoder-ogg-theora: a1e56fd34408186e4bbccfd4996cb3dc -> 
  custom:container-muxer-webm: aa71ff27fc2769a1b78a27578f13a17b -> 
  custom:container-demuxer-webm: 4f35f7cbe854078d1ac9338744f61a02 -> 
  custom:container-demuxer-ogg: 62fdf1f143b41e24485cea50d1cbac27 -> 
  custom:video-encoder-webm-vp8: eb34c28f22e8b96e1ab97ce403110664 -> 
  custom:video-decoder-webm-vp8: 9c59270c3fd7afecdb556c50c9e8de78 -> 
  custom:audio-decoder-ogg-vorbis: bf7c407c2cedff20999df2af8eb42d56 -> 
  custom:audio-encoder-webm-vorbis: bf7c407c2cedff20999df2af8eb42d56 -> 
========================================================================
Received Import Request.
  Time since last request: 131.232935 seconds.
  path: Assets/Resources/PreFabs/Enemies/Enemy2.prefab
  artifactKey: Guid(1b00ab9fd36d8ca4e8f48eaec758dd3a) Importer(815301076,1909f56bfc062723c751e8b465ee728b)
Start importing Assets/Resources/PreFabs/Enemies/Enemy2.prefab using Guid(1b00ab9fd36d8ca4e8f48eaec758dd3a) Importer(815301076,1909f56bfc062723c751e8b465ee728b)  -> (artifact id: 'cf5261eed09f5a046960f574aa81f59e') in 0.046199 seconds 
  Import took 0.050013 seconds .

========================================================================
Received Import Request.
  Time since last request: 5.010523 seconds.
  path: Assets/Resources/PreFabs/Enemies/Enemy2.prefab
  artifactKey: Guid(1b00ab9fd36d8ca4e8f48eaec758dd3a) Importer(815301076,1909f56bfc062723c751e8b465ee728b)
Start importing Assets/Resources/PreFabs/Enemies/Enemy2.prefab using Guid(1b00ab9fd36d8ca4e8f48eaec758dd3a) Importer(815301076,1909f56bfc062723c751e8b465ee728b)  -> (artifact id: '3ba367e1106627fb560c1841a7976d77') in 0.010070 seconds 
  Import took 0.012983 seconds .

========================================================================
Received Import Request.
  Time since last request: 1.547631 seconds.
  path: Assets/Resources/PreFabs/Enemies/Enemy2.prefab
  artifactKey: Guid(1b00ab9fd36d8ca4e8f48eaec758dd3a) Importer(815301076,1909f56bfc062723c751e8b465ee728b)
Start importing Assets/Resources/PreFabs/Enemies/Enemy2.prefab using Guid(1b00ab9fd36d8ca4e8f48eaec758dd3a) Importer(815301076,1909f56bfc062723c751e8b465ee728b)  -> (artifact id: '8c9c8dd5fec49ce1aadb6ffc6c681301') in 0.010995 seconds 
  Import took 0.014208 seconds .

========================================================================
Received Import Request.
  Time since last request: 3.212024 seconds.
  path: Assets/Resources/PreFabs/Enemies/Enemy4.prefab
  artifactKey: Guid(549520744bf3bf242ad8ffeead362965) Importer(815301076,1909f56bfc062723c751e8b465ee728b)
Start importing Assets/Resources/PreFabs/Enemies/Enemy4.prefab using Guid(549520744bf3bf242ad8ffeead362965) Importer(815301076,1909f56bfc062723c751e8b465ee728b)  -> (artifact id: 'a6af705dfb28dd9acf65b98c32e9eb48') in 0.011691 seconds 
  Import took 0.014749 seconds .

========================================================================
Received Prepare
Registering precompiled user dll's ...
Registered in 0.002629 seconds.
Begin MonoManager ReloadAssembly
Native extension for WindowsStandalone target not found
Refreshing native plugins compatible for Editor in 0.39 ms, found 3 plugins.
Preloading 0 native plugins for Editor in 0.00 ms.
Mono: successfully reloaded assembly
- Completed reload, in  0.708 seconds
Domain Reload Profiling:
	ReloadAssembly (709ms)
		BeginReloadAssembly (79ms)
			ExecutionOrderSort (0ms)
			DisableScriptedObjects (4ms)
			BackupInstance (0ms)
			ReleaseScriptingObjects (0ms)
			CreateAndSetChildDomain (25ms)
		EndReloadAssembly (590ms)
			LoadAssemblies (57ms)
			RebuildTransferFunctionScriptingTraits (0ms)
			SetupTypeCache (203ms)
			ReleaseScriptCaches (1ms)
			RebuildScriptCaches (30ms)
			SetupLoadedEditorAssemblies (223ms)
				LogAssemblyErrors (0ms)
				InitializePlatformSupportModulesInManaged (4ms)
				SetLoadedEditorAssemblies (0ms)
				RefreshPlugins (0ms)
				BeforeProcessingInitializeOnLoad (65ms)
				ProcessInitializeOnLoadAttributes (141ms)
				ProcessInitializeOnLoadMethodAttributes (8ms)
				AfterProcessingInitializeOnLoad (4ms)
				EditorAssembliesLoaded (0ms)
			ExecutionOrderSort2 (0ms)
			AwakeInstancesAfterBackupRestoration (6ms)
Platform modules already initialized, skipping
Refreshing native plugins compatible for Editor in 0.37 ms, found 3 plugins.
Preloading 0 native plugins for Editor in 0.00 ms.
Unloading 2232 Unused Serialized files (Serialized files now loaded: 0)
System memory in use before: 101.0 MB.
System memory in use after: 101.2 MB.

Unloading 18 unused Assets to reduce memory usage. Loaded Objects now: 2732.
Total: 2.305900 ms (FindLiveObjects: 0.180300 ms CreateObjectMapping: 0.065100 ms MarkObjects: 2.041400 ms  DeleteObjects: 0.018100 ms)

AssetImportParameters requested are different than current active one (requested -> active):
  custom:framework-win-MediaFoundation: 216162199b28c13a410421893ffa2e32 -> 
  custom:video-decoder-ogg-theora: a1e56fd34408186e4bbccfd4996cb3dc -> 
  custom:container-muxer-webm: aa71ff27fc2769a1b78a27578f13a17b -> 
  custom:container-demuxer-webm: 4f35f7cbe854078d1ac9338744f61a02 -> 
  custom:container-demuxer-ogg: 62fdf1f143b41e24485cea50d1cbac27 -> 
  custom:video-encoder-webm-vp8: eb34c28f22e8b96e1ab97ce403110664 -> 
  custom:video-decoder-webm-vp8: 9c59270c3fd7afecdb556c50c9e8de78 -> 
  custom:audio-decoder-ogg-vorbis: bf7c407c2cedff20999df2af8eb42d56 -> 
  custom:audio-encoder-webm-vorbis: bf7c407c2cedff20999df2af8eb42d56 -> 
========================================================================
Received Import Request.
  Time since last request: 4.525404 seconds.
  path: Assets/Resources/PreFabs/Enemies/Enemy4.prefab
  artifactKey: Guid(549520744bf3bf242ad8ffeead362965) Importer(815301076,1909f56bfc062723c751e8b465ee728b)
Start importing Assets/Resources/PreFabs/Enemies/Enemy4.prefab using Guid(549520744bf3bf242ad8ffeead362965) Importer(815301076,1909f56bfc062723c751e8b465ee728b)  -> (artifact id: 'a123f268e4ec1fcee4bfc8981de6fe90') in 0.044520 seconds 
  Import took 0.047322 seconds .

========================================================================
Received Import Request.
  Time since last request: 24.059280 seconds.
  path: Assets/FireGolem/Body.png
  artifactKey: Guid(74fd0c7e09462f14a9857aaaa228cd38) Importer(815301076,1909f56bfc062723c751e8b465ee728b)
Start importing Assets/FireGolem/Body.png using Guid(74fd0c7e09462f14a9857aaaa228cd38) Importer(815301076,1909f56bfc062723c751e8b465ee728b)  -> (artifact id: 'f39c82479a343bb4d3402a74298fa33f') in 0.023086 seconds 
  Import took 0.026110 seconds .

========================================================================
Received Import Request.
  Time since last request: 0.000327 seconds.
  path: Assets/FireGolem/FireGolem.png
  artifactKey: Guid(e770993d45cd75f40ace5803403c9ee2) Importer(815301076,1909f56bfc062723c751e8b465ee728b)
Start importing Assets/FireGolem/FireGolem.png using Guid(e770993d45cd75f40ace5803403c9ee2) Importer(815301076,1909f56bfc062723c751e8b465ee728b)  -> (artifact id: '55161c949608001ad2f5a0c596cf1278') in 0.014602 seconds 
  Import took 0.018131 seconds .

========================================================================
Received Import Request.
  Time since last request: 0.000233 seconds.
  path: Assets/FireGolem/WalkingAnim.gif
  artifactKey: Guid(2d29901dc3f7c8b4cb80b410c24eefc8) Importer(815301076,1909f56bfc062723c751e8b465ee728b)
Start importing Assets/FireGolem/WalkingAnim.gif using Guid(2d29901dc3f7c8b4cb80b410c24eefc8) Importer(815301076,1909f56bfc062723c751e8b465ee728b)  -> (artifact id: '0b06bfe52c348fed68673cb06563090c') in 0.014932 seconds 
  Import took 0.018045 seconds .

========================================================================
Received Import Request.
  Time since last request: 0.000198 seconds.
  path: Assets/FireGolem/RightLeg.png
  artifactKey: Guid(919bfcee6e8092941895e3969e1242a2) Importer(815301076,1909f56bfc062723c751e8b465ee728b)
Start importing Assets/FireGolem/RightLeg.png using Guid(919bfcee6e8092941895e3969e1242a2) Importer(815301076,1909f56bfc062723c751e8b465ee728b)  -> (artifact id: '41343b249b61a9733600344c0350d296') in 0.016895 seconds 
  Import took 0.020053 seconds .

========================================================================
Received Import Request.
  Time since last request: 0.000218 seconds.
  path: Assets/FireGolem/Head.png
  artifactKey: Guid(7b39c99b791dbfc4d9c7142c74c688eb) Importer(815301076,1909f56bfc062723c751e8b465ee728b)
Start importing Assets/FireGolem/Head.png using Guid(7b39c99b791dbfc4d9c7142c74c688eb) Importer(815301076,1909f56bfc062723c751e8b465ee728b)  -> (artifact id: 'b43c5c3b57b01a104c7b583d775db43d') in 0.016025 seconds 
  Import took 0.018996 seconds .

========================================================================
Received Import Request.
  Time since last request: 0.000272 seconds.
  path: Assets/FireGolem/LeftLeg.png
  artifactKey: Guid(03b8382c50dbf1d4188dd711a6a62914) Importer(815301076,1909f56bfc062723c751e8b465ee728b)
Start importing Assets/FireGolem/LeftLeg.png using Guid(03b8382c50dbf1d4188dd711a6a62914) Importer(815301076,1909f56bfc062723c751e8b465ee728b)  -> (artifact id: 'd3207f26006f90bf9c31c1c6e51364a0') in 0.013555 seconds 
  Import took 0.016911 seconds .

========================================================================
Received Prepare
Registering precompiled user dll's ...
Registered in 0.002735 seconds.
Begin MonoManager ReloadAssembly
Native extension for WindowsStandalone target not found
Refreshing native plugins compatible for Editor in 1.35 ms, found 3 plugins.
Preloading 0 native plugins for Editor in 0.00 ms.
Mono: successfully reloaded assembly
- Completed reload, in  0.696 seconds
Domain Reload Profiling:
	ReloadAssembly (696ms)
		BeginReloadAssembly (90ms)
			ExecutionOrderSort (0ms)
			DisableScriptedObjects (4ms)
			BackupInstance (0ms)
			ReleaseScriptingObjects (0ms)
			CreateAndSetChildDomain (27ms)
		EndReloadAssembly (565ms)
			LoadAssemblies (59ms)
			RebuildTransferFunctionScriptingTraits (0ms)
			SetupTypeCache (187ms)
			ReleaseScriptCaches (1ms)
			RebuildScriptCaches (29ms)
			SetupLoadedEditorAssemblies (209ms)
				LogAssemblyErrors (0ms)
				InitializePlatformSupportModulesInManaged (4ms)
				SetLoadedEditorAssemblies (0ms)
				RefreshPlugins (1ms)
				BeforeProcessingInitializeOnLoad (62ms)
				ProcessInitializeOnLoadAttributes (130ms)
				ProcessInitializeOnLoadMethodAttributes (7ms)
				AfterProcessingInitializeOnLoad (4ms)
				EditorAssembliesLoaded (0ms)
			ExecutionOrderSort2 (0ms)
			AwakeInstancesAfterBackupRestoration (6ms)
Platform modules already initialized, skipping
Refreshing native plugins compatible for Editor in 0.38 ms, found 3 plugins.
Preloading 0 native plugins for Editor in 0.00 ms.
Unloading 2232 Unused Serialized files (Serialized files now loaded: 0)
System memory in use before: 101.1 MB.
System memory in use after: 101.3 MB.

Unloading 18 unused Assets to reduce memory usage. Loaded Objects now: 2745.
Total: 2.143600 ms (FindLiveObjects: 0.156300 ms CreateObjectMapping: 0.047300 ms MarkObjects: 1.910300 ms  DeleteObjects: 0.028900 ms)

AssetImportParameters requested are different than current active one (requested -> active):
  custom:framework-win-MediaFoundation: 216162199b28c13a410421893ffa2e32 -> 
  custom:video-decoder-ogg-theora: a1e56fd34408186e4bbccfd4996cb3dc -> 
  custom:container-muxer-webm: aa71ff27fc2769a1b78a27578f13a17b -> 
  custom:container-demuxer-webm: 4f35f7cbe854078d1ac9338744f61a02 -> 
  custom:container-demuxer-ogg: 62fdf1f143b41e24485cea50d1cbac27 -> 
  custom:video-encoder-webm-vp8: eb34c28f22e8b96e1ab97ce403110664 -> 
  custom:video-decoder-webm-vp8: 9c59270c3fd7afecdb556c50c9e8de78 -> 
  custom:audio-decoder-ogg-vorbis: bf7c407c2cedff20999df2af8eb42d56 -> 
  custom:audio-encoder-webm-vorbis: bf7c407c2cedff20999df2af8eb42d56 -> 
========================================================================
Received Prepare
Registering precompiled user dll's ...
Registered in 0.002571 seconds.
Begin MonoManager ReloadAssembly
Native extension for WindowsStandalone target not found
Refreshing native plugins compatible for Editor in 0.35 ms, found 3 plugins.
Preloading 0 native plugins for Editor in 0.00 ms.
Mono: successfully reloaded assembly
- Completed reload, in  0.638 seconds
Domain Reload Profiling:
	ReloadAssembly (638ms)
		BeginReloadAssembly (83ms)
			ExecutionOrderSort (0ms)
			DisableScriptedObjects (4ms)
			BackupInstance (0ms)
			ReleaseScriptingObjects (0ms)
			CreateAndSetChildDomain (22ms)
		EndReloadAssembly (512ms)
			LoadAssemblies (65ms)
			RebuildTransferFunctionScriptingTraits (0ms)
			SetupTypeCache (171ms)
			ReleaseScriptCaches (1ms)
			RebuildScriptCaches (25ms)
			SetupLoadedEditorAssemblies (189ms)
				LogAssemblyErrors (0ms)
				InitializePlatformSupportModulesInManaged (3ms)
				SetLoadedEditorAssemblies (0ms)
				RefreshPlugins (0ms)
				BeforeProcessingInitializeOnLoad (55ms)
				ProcessInitializeOnLoadAttributes (120ms)
				ProcessInitializeOnLoadMethodAttributes (7ms)
				AfterProcessingInitializeOnLoad (4ms)
				EditorAssembliesLoaded (0ms)
			ExecutionOrderSort2 (0ms)
			AwakeInstancesAfterBackupRestoration (5ms)
Platform modules already initialized, skipping
Refreshing native plugins compatible for Editor in 0.36 ms, found 3 plugins.
Preloading 0 native plugins for Editor in 0.00 ms.
Unloading 2232 Unused Serialized files (Serialized files now loaded: 0)
System memory in use before: 101.1 MB.
System memory in use after: 101.3 MB.

Unloading 17 unused Assets to reduce memory usage. Loaded Objects now: 2747.
Total: 2.001000 ms (FindLiveObjects: 0.142700 ms CreateObjectMapping: 0.054100 ms MarkObjects: 1.782300 ms  DeleteObjects: 0.012400 ms)

AssetImportParameters requested are different than current active one (requested -> active):
  custom:framework-win-MediaFoundation: 216162199b28c13a410421893ffa2e32 -> 
  custom:video-decoder-ogg-theora: a1e56fd34408186e4bbccfd4996cb3dc -> 
  custom:container-muxer-webm: aa71ff27fc2769a1b78a27578f13a17b -> 
  custom:container-demuxer-webm: 4f35f7cbe854078d1ac9338744f61a02 -> 
  custom:container-demuxer-ogg: 62fdf1f143b41e24485cea50d1cbac27 -> 
  custom:video-encoder-webm-vp8: eb34c28f22e8b96e1ab97ce403110664 -> 
  custom:video-decoder-webm-vp8: 9c59270c3fd7afecdb556c50c9e8de78 -> 
  custom:audio-decoder-ogg-vorbis: bf7c407c2cedff20999df2af8eb42d56 -> 
  custom:audio-encoder-webm-vorbis: bf7c407c2cedff20999df2af8eb42d56 -> 
========================================================================
Received Prepare
Registering precompiled user dll's ...
Registered in 0.002606 seconds.
Begin MonoManager ReloadAssembly
Native extension for WindowsStandalone target not found
Refreshing native plugins compatible for Editor in 0.36 ms, found 3 plugins.
Preloading 0 native plugins for Editor in 0.00 ms.
Mono: successfully reloaded assembly
- Completed reload, in  0.638 seconds
Domain Reload Profiling:
	ReloadAssembly (638ms)
		BeginReloadAssembly (84ms)
			ExecutionOrderSort (0ms)
			DisableScriptedObjects (4ms)
			BackupInstance (0ms)
			ReleaseScriptingObjects (0ms)
			CreateAndSetChildDomain (21ms)
		EndReloadAssembly (515ms)
			LoadAssemblies (55ms)
			RebuildTransferFunctionScriptingTraits (0ms)
			SetupTypeCache (171ms)
			ReleaseScriptCaches (1ms)
			RebuildScriptCaches (26ms)
			SetupLoadedEditorAssemblies (197ms)
				LogAssemblyErrors (0ms)
				InitializePlatformSupportModulesInManaged (3ms)
				SetLoadedEditorAssemblies (0ms)
				RefreshPlugins (0ms)
				BeforeProcessingInitializeOnLoad (61ms)
				ProcessInitializeOnLoadAttributes (121ms)
				ProcessInitializeOnLoadMethodAttributes (7ms)
				AfterProcessingInitializeOnLoad (4ms)
				EditorAssembliesLoaded (0ms)
			ExecutionOrderSort2 (0ms)
			AwakeInstancesAfterBackupRestoration (5ms)
Platform modules already initialized, skipping
Refreshing native plugins compatible for Editor in 0.37 ms, found 3 plugins.
Preloading 0 native plugins for Editor in 0.00 ms.
Unloading 2232 Unused Serialized files (Serialized files now loaded: 0)
System memory in use before: 101.1 MB.
System memory in use after: 101.3 MB.

Unloading 17 unused Assets to reduce memory usage. Loaded Objects now: 2749.
Total: 2.370400 ms (FindLiveObjects: 0.213700 ms CreateObjectMapping: 0.078400 ms MarkObjects: 2.062600 ms  DeleteObjects: 0.014700 ms)

AssetImportParameters requested are different than current active one (requested -> active):
  custom:framework-win-MediaFoundation: 216162199b28c13a410421893ffa2e32 -> 
  custom:video-decoder-ogg-theora: a1e56fd34408186e4bbccfd4996cb3dc -> 
  custom:container-muxer-webm: aa71ff27fc2769a1b78a27578f13a17b -> 
  custom:container-demuxer-webm: 4f35f7cbe854078d1ac9338744f61a02 -> 
  custom:container-demuxer-ogg: 62fdf1f143b41e24485cea50d1cbac27 -> 
  custom:video-encoder-webm-vp8: eb34c28f22e8b96e1ab97ce403110664 -> 
  custom:video-decoder-webm-vp8: 9c59270c3fd7afecdb556c50c9e8de78 -> 
  custom:audio-decoder-ogg-vorbis: bf7c407c2cedff20999df2af8eb42d56 -> 
  custom:audio-encoder-webm-vorbis: bf7c407c2cedff20999df2af8eb42d56 -> 
========================================================================
Received Prepare
Registering precompiled user dll's ...
Registered in 0.002857 seconds.
Begin MonoManager ReloadAssembly
Native extension for WindowsStandalone target not found
Refreshing native plugins compatible for Editor in 0.35 ms, found 3 plugins.
Preloading 0 native plugins for Editor in 0.00 ms.
Mono: successfully reloaded assembly
- Completed reload, in  0.621 seconds
Domain Reload Profiling:
	ReloadAssembly (621ms)
		BeginReloadAssembly (72ms)
			ExecutionOrderSort (0ms)
			DisableScriptedObjects (4ms)
			BackupInstance (0ms)
			ReleaseScriptingObjects (0ms)
			CreateAndSetChildDomain (22ms)
		EndReloadAssembly (509ms)
			LoadAssemblies (59ms)
			RebuildTransferFunctionScriptingTraits (0ms)
			SetupTypeCache (173ms)
			ReleaseScriptCaches (1ms)
			RebuildScriptCaches (26ms)
			SetupLoadedEditorAssemblies (192ms)
				LogAssemblyErrors (0ms)
				InitializePlatformSupportModulesInManaged (3ms)
				SetLoadedEditorAssemblies (0ms)
				RefreshPlugins (0ms)
				BeforeProcessingInitializeOnLoad (54ms)
				ProcessInitializeOnLoadAttributes (123ms)
				ProcessInitializeOnLoadMethodAttributes (8ms)
				AfterProcessingInitializeOnLoad (4ms)
				EditorAssembliesLoaded (0ms)
			ExecutionOrderSort2 (0ms)
			AwakeInstancesAfterBackupRestoration (5ms)
Platform modules already initialized, skipping
Refreshing native plugins compatible for Editor in 0.36 ms, found 3 plugins.
Preloading 0 native plugins for Editor in 0.00 ms.
Unloading 2232 Unused Serialized files (Serialized files now loaded: 0)
System memory in use before: 101.1 MB.
System memory in use after: 101.3 MB.

Unloading 17 unused Assets to reduce memory usage. Loaded Objects now: 2751.
Total: 2.079600 ms (FindLiveObjects: 0.160000 ms CreateObjectMapping: 0.056700 ms MarkObjects: 1.837800 ms  DeleteObjects: 0.024000 ms)

AssetImportParameters requested are different than current active one (requested -> active):
  custom:framework-win-MediaFoundation: 216162199b28c13a410421893ffa2e32 -> 
  custom:video-decoder-ogg-theora: a1e56fd34408186e4bbccfd4996cb3dc -> 
  custom:container-muxer-webm: aa71ff27fc2769a1b78a27578f13a17b -> 
  custom:container-demuxer-webm: 4f35f7cbe854078d1ac9338744f61a02 -> 
  custom:container-demuxer-ogg: 62fdf1f143b41e24485cea50d1cbac27 -> 
  custom:video-encoder-webm-vp8: eb34c28f22e8b96e1ab97ce403110664 -> 
  custom:video-decoder-webm-vp8: 9c59270c3fd7afecdb556c50c9e8de78 -> 
  custom:audio-decoder-ogg-vorbis: bf7c407c2cedff20999df2af8eb42d56 -> 
  custom:audio-encoder-webm-vorbis: bf7c407c2cedff20999df2af8eb42d56 -> 
AssetImportWorkerClient::OnTransportError - code=2 error=End of file
